# JRE version: Java(TM) SE Runtime Environment (8.0_121-b13) (build 1.8.0_121-b13)
# Java VM: Java HotSpot(TM) 64-Bit Server VM (25.121-b13 mixed mode windows-amd64 compressed oops)
Heap:
 PSYoungGen      total 62464K, used 6065K [0x00000000d5580000, 0x00000000d9800000, 0x0000000100000000)
  eden space 57344K, 10% used [0x00000000d5580000,0x00000000d5b6c5c0,0x00000000d8d80000)
  from space 5120K, 0% used [0x00000000d9300000,0x00000000d9300000,0x00000000d9800000)
  to   space 5120K, 0% used [0x00000000d8e00000,0x00000000d8e00000,0x00000000d9300000)
 ParOldGen       total 45568K, used 9514K [0x0000000080000000, 0x0000000082c80000, 0x00000000d5580000)
  object space 45568K, 20% used [0x0000000080000000,0x000000008094a890,0x0000000082c80000)
 Metaspace       used 25224K, capacity 26360K, committed 26496K, reserved 1079296K
  class space    used 3357K, capacity 3600K, committed 3712K, reserved 1048576K
GC Heap History (10 events):
Event: 2.386 GC heap before
{Heap before GC invocations=5 (full 1):
 PSYoungGen      total 38400K, used 38398K [0x00000000d5580000, 0x00000000d9800000, 0x0000000100000000)
  eden space 33280K, 100% used [0x00000000d5580000,0x00000000d7600000,0x00000000d7600000)
  from space 5120K, 99% used [0x00000000d7600000,0x00000000d7affb10,0x00000000d7b00000)
  to   space 5120K, 0% used [0x00000000d9300000,0x00000000d9300000,0x00000000d9800000)
 ParOldGen       total 45568K, used 4169K [0x0000000080000000, 0x0000000082c80000, 0x00000000d5580000)
  object space 45568K, 9% used [0x0000000080000000,0x0000000080412570,0x0000000082c80000)
 Metaspace       used 20527K, capacity 21248K, committed 21376K, reserved 1071104K
  class space    used 2697K, capacity 2870K, committed 2944K, reserved 1048576K
Event: 2.401 GC heap after
Heap after GC invocations=5 (full 1):
 PSYoungGen      total 62464K, used 5116K [0x00000000d5580000, 0x00000000d9800000, 0x0000000100000000)
  eden space 57344K, 0% used [0x00000000d5580000,0x00000000d5580000,0x00000000d8d80000)
  from space 5120K, 99% used [0x00000000d9300000,0x00000000d97ff3b0,0x00000000d9800000)
  to   space 5120K, 0% used [0x00000000d8e00000,0x00000000d8e00000,0x00000000d9300000)
 ParOldGen       total 45568K, used 4886K [0x0000000080000000, 0x0000000082c80000, 0x00000000d5580000)
  object space 45568K, 10% used [0x0000000080000000,0x00000000804c59e8,0x0000000082c80000)
 Metaspace       used 20527K, capacity 21248K, committed 21376K, reserved 1071104K
  class space    used 2697K, capacity 2870K, committed 2944K, reserved 1048576K
}
Event: 2.805 GC heap before
{Heap before GC invocations=6 (full 1):
 PSYoungGen      total 62464K, used 29491K [0x00000000d5580000, 0x00000000d9800000, 0x0000000100000000)
  eden space 57344K, 42% used [0x00000000d5580000,0x00000000d6d4dae8,0x00000000d8d80000)
  from space 5120K, 99% used [0x00000000d9300000,0x00000000d97ff3b0,0x00000000d9800000)
  to   space 5120K, 0% used [0x00000000d8e00000,0x00000000d8e00000,0x00000000d9300000)
 ParOldGen       total 45568K, used 4886K [0x0000000080000000, 0x0000000082c80000, 0x00000000d5580000)
  object space 45568K, 10% used [0x0000000080000000,0x00000000804c59e8,0x0000000082c80000)
 Metaspace       used 22483K, capacity 23180K, committed 23256K, reserved 1071104K
  class space    used 2951K, capacity 3164K, committed 3200K, reserved 1048576K
Event: 2.816 GC heap after
Heap after GC invocations=6 (full 1):
 PSYoungGen      total 62464K, used 5106K [0x00000000d5580000, 0x00000000d9800000, 0x0000000100000000)
  eden space 57344K, 0% used [0x00000000d5580000,0x00000000d5580000,0x00000000d8d80000)
  from space 5120K, 99% used [0x00000000d8e00000,0x00000000d92fcba0,0x00000000d9300000)
  to   space 5120K, 0% used [0x00000000d9300000,0x00000000d9300000,0x00000000d9800000)
 ParOldGen       total 45568K, used 5784K [0x0000000080000000, 0x0000000082c80000, 0x00000000d5580000)
  object space 45568K, 12% used [0x0000000080000000,0x00000000805a6248,0x0000000082c80000)
 Metaspace       used 22483K, capacity 23180K, committed 23256K, reserved 1071104K
  class space    used 2951K, capacity 3164K, committed 3200K, reserved 1048576K
}
Event: 2.816 GC heap before
{Heap before GC invocations=7 (full 2):
 PSYoungGen      total 62464K, used 5106K [0x00000000d5580000, 0x00000000d9800000, 0x0000000100000000)
  eden space 57344K, 0% used [0x00000000d5580000,0x00000000d5580000,0x00000000d8d80000)
  from space 5120K, 99% used [0x00000000d8e00000,0x00000000d92fcba0,0x00000000d9300000)
  to   space 5120K, 0% used [0x00000000d9300000,0x00000000d9300000,0x00000000d9800000)
 ParOldGen       total 45568K, used 5784K [0x0000000080000000, 0x0000000082c80000, 0x00000000d5580000)
  object space 45568K, 12% used [0x0000000080000000,0x00000000805a6248,0x0000000082c80000)
 Metaspace       used 22483K, capacity 23180K, committed 23256K, reserved 1071104K
  class space    used 2951K, capacity 3164K, committed 3200K, reserved 1048576K
Event: 2.857 GC heap after
Heap after GC invocations=7 (full 2):
 PSYoungGen      total 62464K, used 0K [0x00000000d5580000, 0x00000000d9800000, 0x0000000100000000)
  eden space 57344K, 0% used [0x00000000d5580000,0x00000000d5580000,0x00000000d8d80000)
  from space 5120K, 0% used [0x00000000d8e00000,0x00000000d8e00000,0x00000000d9300000)
  to   space 5120K, 0% used [0x00000000d9300000,0x00000000d9300000,0x00000000d9800000)
 ParOldGen       total 45568K, used 8890K [0x0000000080000000, 0x0000000082c80000, 0x00000000d5580000)
  object space 45568K, 19% used [0x0000000080000000,0x00000000808ae9a8,0x0000000082c80000)
 Metaspace       used 22483K, capacity 23180K, committed 23256K, reserved 1071104K
  class space    used 2951K, capacity 3164K, committed 3200K, reserved 1048576K
}
Event: 3.211 GC heap before
{Heap before GC invocations=8 (full 2):
 PSYoungGen      total 62464K, used 20938K [0x00000000d5580000, 0x00000000d9800000, 0x0000000100000000)
  eden space 57344K, 36% used [0x00000000d5580000,0x00000000d69f28c0,0x00000000d8d80000)
  from space 5120K, 0% used [0x00000000d8e00000,0x00000000d8e00000,0x00000000d9300000)
  to   space 5120K, 0% used [0x00000000d9300000,0x00000000d9300000,0x00000000d9800000)
 ParOldGen       total 45568K, used 8890K [0x0000000080000000, 0x0000000082c80000, 0x00000000d5580000)
  object space 45568K, 19% used [0x0000000080000000,0x00000000808ae9a8,0x0000000082c80000)
 Metaspace       used 24354K, capacity 25464K, committed 25600K, reserved 1077248K
  class space    used 3228K, capacity 3472K, committed 3584K, reserved 1048576K
Event: 3.214 GC heap after
Heap after GC invocations=8 (full 2):
 PSYoungGen      total 62464K, used 2580K [0x00000000d5580000, 0x00000000d9800000, 0x0000000100000000)
  eden space 57344K, 0% used [0x00000000d5580000,0x00000000d5580000,0x00000000d8d80000)
  from space 5120K, 50% used [0x00000000d9300000,0x00000000d9585168,0x00000000d9800000)
  to   space 5120K, 0% used [0x00000000d8e00000,0x00000000d8e00000,0x00000000d9300000)
 ParOldGen       total 45568K, used 8898K [0x0000000080000000, 0x0000000082c80000, 0x00000000d5580000)
  object space 45568K, 19% used [0x0000000080000000,0x00000000808b09a8,0x0000000082c80000)
 Metaspace       used 24354K, capacity 25464K, committed 25600K, reserved 1077248K
  class space    used 3228K, capacity 3472K, committed 3584K, reserved 1048576K
}
Event: 3.214 GC heap before
{Heap before GC invocations=9 (full 3):
 PSYoungGen      total 62464K, used 2580K [0x00000000d5580000, 0x00000000d9800000, 0x0000000100000000)
  eden space 57344K, 0% used [0x00000000d5580000,0x00000000d5580000,0x00000000d8d80000)
  from space 5120K, 50% used [0x00000000d9300000,0x00000000d9585168,0x00000000d9800000)
  to   space 5120K, 0% used [0x00000000d8e00000,0x00000000d8e00000,0x00000000d9300000)
 ParOldGen       total 45568K, used 8898K [0x0000000080000000, 0x0000000082c80000, 0x00000000d5580000)
  object space 45568K, 19% used [0x0000000080000000,0x00000000808b09a8,0x0000000082c80000)
 Metaspace       used 24354K, capacity 25464K, committed 25600K, reserved 1077248K
  class space    used 3228K, capacity 3472K, committed 3584K, reserved 1048576K
Event: 3.282 GC heap after
Heap after GC invocations=9 (full 3):
 PSYoungGen      total 62464K, used 0K [0x00000000d5580000, 0x00000000d9800000, 0x0000000100000000)
  eden space 57344K, 0% used [0x00000000d5580000,0x00000000d5580000,0x00000000d8d80000)
  from space 5120K, 0% used [0x00000000d9300000,0x00000000d9300000,0x00000000d9800000)
  to   space 5120K, 0% used [0x00000000d8e00000,0x00000000d8e00000,0x00000000d9300000)
 ParOldGen       total 45568K, used 9514K [0x0000000080000000, 0x0000000082c80000, 0x00000000d5580000)
  object space 45568K, 20% used [0x0000000080000000,0x000000008094a890,0x0000000082c80000)
 Metaspace       used 24354K, capacity 25464K, committed 25600K, reserved 1075200K
  class space    used 3228K, capacity 3472K, committed 3584K, reserved 1048576K
}

